[36m12:04:04 (15776) DEBUG ConfigReader[39m Loading config from stryker.conf.json
[36m12:04:04 (15776) DEBUG ConfigReader[39m Loaded config: {
  "$schema": "./node_modules/@stryker-mutator/core/schema/stryker-schema.json",
  "mutate": [
    "mutation.js"
  ],
  "testRunner": "jest",
  "reporters": [
    "clear-text",
    "json",
    "progress",
    "html"
  ],
  "coverageAnalysis": "perTest",
  "jest": {
    "projectType": "custom",
    "config": {
      "transform": {}
    }
  },
  "logLevel": "trace",
  "allowConsoleColors": true,
  "checkers": [],
  "checkerNodeArgs": [],
  "commandRunner": {
    "command": "npm test"
  },
  "clearTextReporter": {
    "allowColor": true,
    "allowEmojis": false,
    "logTests": true,
    "maxTestsToLog": 3
  },
  "dashboard": {
    "baseUrl": "https://dashboard.stryker-mutator.io/api/reports",
    "reportType": "full"
  },
  "dryRunOnly": false,
  "eventReporter": {
    "baseDir": "reports/mutation/events"
  },
  "ignorePatterns": [],
  "ignoreStatic": false,
  "incremental": false,
  "incrementalFile": "reports/stryker-incremental.json",
  "force": false,
  "fileLogLevel": "off",
  "inPlace": false,
  "maxConcurrentTestRunners": 9007199254740991,
  "maxTestRunnerReuse": 0,
  "mutator": {
    "plugins": null,
    "excludedMutations": []
  },
  "plugins": [
    "@stryker-mutator/*"
  ],
  "appendPlugins": [],
  "htmlReporter": {
    "fileName": "reports/mutation/mutation.html"
  },
  "jsonReporter": {
    "fileName": "reports/mutation/mutation.json"
  },
  "disableTypeChecks": "{test,src,lib}/**/*.{js,ts,jsx,tsx,html,vue}",
  "symlinkNodeModules": true,
  "tempDirName": ".stryker-tmp",
  "cleanTempDir": true,
  "testRunnerNodeArgs": [],
  "thresholds": {
    "high": 80,
    "low": 60,
    "break": null
  },
  "timeoutFactor": 1.5,
  "timeoutMS": 5000,
  "dryRunTimeoutMinutes": 5,
  "tsconfigFile": "tsconfig.json",
  "warnings": true,
  "disableBail": false
}
[36m12:04:04 (15776) DEBUG PluginLoader[39m Loading @stryker-mutator/* from /Users/anonymousbr/estudos/testes/test-mutation/node_modules/@stryker-mutator
[36m12:04:04 (15776) DEBUG PluginLoader[39m Loading plugin "@stryker-mutator/jest-runner" (matched with expression @stryker-mutator/*)
[36m12:04:04 (15776) DEBUG PluginLoader[39m Loading plugin @stryker-mutator/jest-runner
[36m12:04:04 (15776) DEBUG PluginLoader[39m Loading plugin file:///Users/anonymousbr/estudos/testes/test-mutation/node_modules/@stryker-mutator/core/dist/src/reporters/index.js
[36m12:04:04 (15776) DEBUG MetaSchemaBuilder[39m Contributing 1 schemas from plugins to options validation.
[32m12:04:04 (15776) INFO ProjectReader[39m Found 1 of 7 file(s) to be mutated.
[36m12:04:04 (15776) DEBUG ProjectReader[39m All input files: [
  "/Users/anonymousbr/estudos/testes/test-mutation/jest.config.js",
  "/Users/anonymousbr/estudos/testes/test-mutation/mt.log",
  "/Users/anonymousbr/estudos/testes/test-mutation/mutation.js",
  "/Users/anonymousbr/estudos/testes/test-mutation/mutation.test.js",
  "/Users/anonymousbr/estudos/testes/test-mutation/package-lock.json",
  "/Users/anonymousbr/estudos/testes/test-mutation/package.json",
  "/Users/anonymousbr/estudos/testes/test-mutation/stryker.conf.json"
]
[36m12:04:04 (15776) DEBUG ProjectReader[39m Files to mutate: [
  "/Users/anonymousbr/estudos/testes/test-mutation/mutation.js"
]
[36m12:04:04 (15776) DEBUG TemporaryDirectory[39m Using temp directory "/Users/anonymousbr/estudos/testes/test-mutation/.stryker-tmp"
[36m12:04:04 (15776) DEBUG Instrumenter[39m Instrumenting 1 source files with mutants
[36m12:04:04 (15776) DEBUG Instrumenter[39m Instrumented mutation.js (30 mutant(s))
[32m12:04:04 (15776) INFO Instrumenter[39m Instrumented 1 source file(s) with 30 mutant(s)
[32m12:04:04 (15776) INFO ConcurrencyTokenProvider[39m Creating 9 test runner process(es).
[36m12:04:04 (15776) DEBUG ChildProcessProxy[39m Started CheckerWorker in worker process 0 with pid 15778 
[36m12:04:04 (15778) DEBUG PluginLoader[39m Loading plugin @stryker-mutator/jest-runner
[36m12:04:04 (15778) DEBUG PluginLoader[39m Loading plugin file:///Users/anonymousbr/estudos/testes/test-mutation/node_modules/@stryker-mutator/core/dist/src/reporters/index.js
[36m12:04:04 (15776) DEBUG Sandbox[39m Creating a sandbox for files in /Users/anonymousbr/estudos/testes/test-mutation/.stryker-tmp/sandbox4202061
[36m12:04:04 (15776) DEBUG Sandbox[39m Start symlink node_modules
[36m12:04:04 (15776) DEBUG Sandbox[39m Create symlink from /Users/anonymousbr/estudos/testes/test-mutation/node_modules to /Users/anonymousbr/estudos/testes/test-mutation/.stryker-tmp/sandbox4202061/node_modules
[32m12:04:04 (15776) INFO BroadcastReporter[39m Detected that current console does not support the "progress" reporter, downgrading to "progress-append-only" reporter
[36m12:04:04 (15776) DEBUG BroadcastReporter[39m Broadcasting to reporters ["clear-text","json","progress-append-only","html"]
[36m12:04:04 (15776) DEBUG ChildProcessProxy[39m Started ChildProcessTestRunnerWorker in worker process 0 with pid 15779 
[36m12:04:04 (15776) DEBUG ChildProcessProxy[39m Started ChildProcessTestRunnerWorker in worker process 1 with pid 15780 
[36m12:04:04 (15780) DEBUG PluginLoader[39m Loading plugin @stryker-mutator/jest-runner
[36m12:04:04 (15780) DEBUG PluginLoader[39m Loading plugin file:///Users/anonymousbr/estudos/testes/test-mutation/node_modules/@stryker-mutator/core/dist/src/reporters/index.js
[36m12:04:04 (15779) DEBUG PluginLoader[39m Loading plugin @stryker-mutator/jest-runner
[36m12:04:04 (15779) DEBUG PluginLoader[39m Loading plugin file:///Users/anonymousbr/estudos/testes/test-mutation/node_modules/@stryker-mutator/core/dist/src/reporters/index.js
[36m12:04:04 (15780) DEBUG ChildProcessProxyWorker[39m Changing current working directory for this process to /Users/anonymousbr/estudos/testes/test-mutation/.stryker-tmp/sandbox4202061
[36m12:04:04 (15779) DEBUG ChildProcessProxyWorker[39m Changing current working directory for this process to /Users/anonymousbr/estudos/testes/test-mutation/.stryker-tmp/sandbox4202061
[36m12:04:04 (15780) DEBUG jestTestAdapterFactory[39m Detected Jest version 29.7.0
[36m12:04:04 (15779) DEBUG jestTestAdapterFactory[39m Detected Jest version 29.7.0
[36m12:04:04 (15780) DEBUG JestTestRunner[39m Running jest with --findRelatedTests flag. Set jest.enableFindRelatedTests to false to run all tests on every mutant.
[36m12:04:04 (15779) DEBUG JestTestRunner[39m Running jest with --findRelatedTests flag. Set jest.enableFindRelatedTests to false to run all tests on every mutant.
[36m12:04:04 (15780) DEBUG CustomJestConfigLoader[39m Read config from "jest.config.js" (used native `readInitialOptions` from jest-config).
[36m12:04:04 (15780) DEBUG JestTestRunner[39m Merging file-based config {
  "transform": {},
  "rootDir": "/Users/anonymousbr/estudos/testes/test-mutation/.stryker-tmp/sandbox4202061"
}
      with custom config {
  "transform": {}
}
      and default (internal) stryker config {
  "collectCoverage": false,
  "verbose": false,
  "notify": false,
  "bail": false,
  "reporters": []
}
[32m12:04:04 (15776) INFO DryRunExecutor[39m Starting initial test run (jest test runner with "perTest" coverage analysis). This may take a while.
[36m12:04:04 (15776) DEBUG DryRunExecutor[39m Using timeout of 300000 ms.
[36m12:04:04 (15776) DEBUG TimeoutDecorator[39m Starting timeout timer (300000 ms) for a test run
[36m12:04:04 (15776) DEBUG ChildProcessProxy[39m Started ChildProcessTestRunnerWorker in worker process 2 with pid 15786 
[36m12:04:04 (15779) DEBUG CustomJestConfigLoader[39m Read config from "jest.config.js" (used native `readInitialOptions` from jest-config).
[36m12:04:04 (15779) DEBUG JestTestRunner[39m Merging file-based config {
  "transform": {},
  "rootDir": "/Users/anonymousbr/estudos/testes/test-mutation/.stryker-tmp/sandbox4202061"
}
      with custom config {
  "transform": {}
}
      and default (internal) stryker config {
  "collectCoverage": false,
  "verbose": false,
  "notify": false,
  "bail": false,
  "reporters": []
}
[36m12:04:04 (15776) DEBUG ChildProcessProxy[39m Started ChildProcessTestRunnerWorker in worker process 3 with pid 15787 
[34m12:04:04 (15780) TRACE JestTestRunner[39m Invoking Jest with config {"fileNamesUnderTest":["/Users/anonymousbr/estudos/testes/test-mutation/.stryker-tmp/sandbox4202061/mutation.js"],"jestConfig":{"transform":{},"rootDir":"/Users/anonymousbr/estudos/testes/test-mutation/.stryker-tmp/sandbox4202061","collectCoverage":false,"verbose":false,"notify":false,"bail":false,"reporters":[],"globals":{"__strykerGlobalNamespace__":"__stryker__"},"testEnvironment":"/Users/anonymousbr/estudos/testes/test-mutation/node_modules/@stryker-mutator/jest-runner/dist/src/jest-plugins/cjs/jest-environment-generic.js"},"testLocationInResults":true}
[36m12:04:04 (15787) DEBUG PluginLoader[39m Loading plugin @stryker-mutator/jest-runner
[36m12:04:04 (15787) DEBUG PluginLoader[39m Loading plugin file:///Users/anonymousbr/estudos/testes/test-mutation/node_modules/@stryker-mutator/core/dist/src/reporters/index.js
[36m12:04:04 (15786) DEBUG PluginLoader[39m Loading plugin @stryker-mutator/jest-runner
[36m12:04:04 (15786) DEBUG PluginLoader[39m Loading plugin file:///Users/anonymousbr/estudos/testes/test-mutation/node_modules/@stryker-mutator/core/dist/src/reporters/index.js
[32m12:04:04 (15776) INFO DryRunExecutor[39m Initial test run succeeded. Ran 4 tests in 0 seconds (net 3 ms, overhead 193 ms).
[36m12:04:04 (15776) DEBUG ChildProcessProxy[39m Disposing of worker process 15778
[36m12:04:04 (15776) DEBUG TimeoutDecorator[39m Starting timeout timer (5196 ms) for a test run
[36m12:04:04 (15776) DEBUG TimeoutDecorator[39m Starting timeout timer (5196 ms) for a test run
[36m12:04:04 (15776) DEBUG ChildProcessProxy[39m Kill 15778
[34m12:04:04 (15779) TRACE JestTestRunner[39m Invoking Jest with config {"fileNamesUnderTest":["/Users/anonymousbr/estudos/testes/test-mutation/.stryker-tmp/sandbox4202061/mutation.js"],"jestConfig":{"transform":{},"rootDir":"/Users/anonymousbr/estudos/testes/test-mutation/.stryker-tmp/sandbox4202061","collectCoverage":false,"verbose":false,"notify":false,"bail":false,"reporters":[],"globals":{"__strykerGlobalNamespace__":"__stryker__"},"testEnvironment":"/Users/anonymousbr/estudos/testes/test-mutation/node_modules/@stryker-mutator/jest-runner/dist/src/jest-plugins/cjs/jest-environment-generic.js"},"testNamePattern":"(isPositive retorna true para valores positivos)"}
[34m12:04:04 (15780) TRACE JestTestRunner[39m Invoking Jest with config {"fileNamesUnderTest":["/Users/anonymousbr/estudos/testes/test-mutation/.stryker-tmp/sandbox4202061/mutation.js"],"jestConfig":{"transform":{},"rootDir":"/Users/anonymousbr/estudos/testes/test-mutation/.stryker-tmp/sandbox4202061","collectCoverage":false,"verbose":false,"notify":false,"bail":false,"reporters":[],"globals":{"__strykerGlobalNamespace__":"__stryker__"},"testEnvironment":"/Users/anonymousbr/estudos/testes/test-mutation/node_modules/@stryker-mutator/jest-runner/dist/src/jest-plugins/cjs/jest-environment-generic.js"},"testNamePattern":"(isPositive retorna true para valores positivos)"}
[36m12:04:05 (15787) DEBUG ChildProcessProxyWorker[39m Changing current working directory for this process to /Users/anonymousbr/estudos/testes/test-mutation/.stryker-tmp/sandbox4202061
[36m12:04:05 (15786) DEBUG ChildProcessProxyWorker[39m Changing current working directory for this process to /Users/anonymousbr/estudos/testes/test-mutation/.stryker-tmp/sandbox4202061
[36m12:04:05 (15786) DEBUG jestTestAdapterFactory[39m Detected Jest version 29.7.0
[36m12:04:05 (15787) DEBUG jestTestAdapterFactory[39m Detected Jest version 29.7.0
[36m12:04:05 (15786) DEBUG JestTestRunner[39m Running jest with --findRelatedTests flag. Set jest.enableFindRelatedTests to false to run all tests on every mutant.
[36m12:04:05 (15787) DEBUG JestTestRunner[39m Running jest with --findRelatedTests flag. Set jest.enableFindRelatedTests to false to run all tests on every mutant.
[36m12:04:05 (15786) DEBUG CustomJestConfigLoader[39m Read config from "jest.config.js" (used native `readInitialOptions` from jest-config).
[36m12:04:05 (15786) DEBUG JestTestRunner[39m Merging file-based config {
  "transform": {},
  "rootDir": "/Users/anonymousbr/estudos/testes/test-mutation/.stryker-tmp/sandbox4202061"
}
      with custom config {
  "transform": {}
}
      and default (internal) stryker config {
  "collectCoverage": false,
  "verbose": false,
  "notify": false,
  "bail": false,
  "reporters": []
}
[36m12:04:05 (15776) DEBUG TimeoutDecorator[39m Starting timeout timer (5196 ms) for a test run
[36m12:04:05 (15776) DEBUG ChildProcessProxy[39m Started ChildProcessTestRunnerWorker in worker process 4 with pid 15888 
[36m12:04:05 (15787) DEBUG CustomJestConfigLoader[39m Read config from "jest.config.js" (used native `readInitialOptions` from jest-config).
[36m12:04:05 (15787) DEBUG JestTestRunner[39m Merging file-based config {
  "transform": {},
  "rootDir": "/Users/anonymousbr/estudos/testes/test-mutation/.stryker-tmp/sandbox4202061"
}
      with custom config {
  "transform": {}
}
      and default (internal) stryker config {
  "collectCoverage": false,
  "verbose": false,
  "notify": false,
  "bail": false,
  "reporters": []
}
[36m12:04:05 (15776) DEBUG TimeoutDecorator[39m Starting timeout timer (5196 ms) for a test run
[36m12:04:05 (15776) DEBUG ChildProcessProxy[39m Started ChildProcessTestRunnerWorker in worker process 5 with pid 15889 
[36m12:04:05 (15776) DEBUG TimeoutDecorator[39m Starting timeout timer (5196 ms) for a test run
[34m12:04:05 (15786) TRACE JestTestRunner[39m Invoking Jest with config {"fileNamesUnderTest":["/Users/anonymousbr/estudos/testes/test-mutation/.stryker-tmp/sandbox4202061/mutation.js"],"jestConfig":{"transform":{},"rootDir":"/Users/anonymousbr/estudos/testes/test-mutation/.stryker-tmp/sandbox4202061","collectCoverage":false,"verbose":false,"notify":false,"bail":false,"reporters":[],"globals":{"__strykerGlobalNamespace__":"__stryker__"},"testEnvironment":"/Users/anonymousbr/estudos/testes/test-mutation/node_modules/@stryker-mutator/jest-runner/dist/src/jest-plugins/cjs/jest-environment-generic.js"},"testNamePattern":"(isPositive retorna true para valores positivos)"}
[34m12:04:05 (15787) TRACE JestTestRunner[39m Invoking Jest with config {"fileNamesUnderTest":["/Users/anonymousbr/estudos/testes/test-mutation/.stryker-tmp/sandbox4202061/mutation.js"],"jestConfig":{"transform":{},"rootDir":"/Users/anonymousbr/estudos/testes/test-mutation/.stryker-tmp/sandbox4202061","collectCoverage":false,"verbose":false,"notify":false,"bail":false,"reporters":[],"globals":{"__strykerGlobalNamespace__":"__stryker__"},"testEnvironment":"/Users/anonymousbr/estudos/testes/test-mutation/node_modules/@stryker-mutator/jest-runner/dist/src/jest-plugins/cjs/jest-environment-generic.js"},"testNamePattern":"(isPositive retorna true para valores positivos)"}
[34m12:04:05 (15780) TRACE JestTestRunner[39m Invoking Jest with config {"fileNamesUnderTest":["/Users/anonymousbr/estudos/testes/test-mutation/.stryker-tmp/sandbox4202061/mutation.js"],"jestConfig":{"transform":{},"rootDir":"/Users/anonymousbr/estudos/testes/test-mutation/.stryker-tmp/sandbox4202061","collectCoverage":false,"verbose":false,"notify":false,"bail":false,"reporters":[],"globals":{"__strykerGlobalNamespace__":"__stryker__"},"testEnvironment":"/Users/anonymousbr/estudos/testes/test-mutation/node_modules/@stryker-mutator/jest-runner/dist/src/jest-plugins/cjs/jest-environment-generic.js"},"testNamePattern":"(isPositive retorna true para valores positivos)"}
[36m12:04:05 (15776) DEBUG TimeoutDecorator[39m Starting timeout timer (5193 ms) for a test run
[34m12:04:05 (15780) TRACE JestTestRunner[39m Invoking Jest with config {"fileNamesUnderTest":["/Users/anonymousbr/estudos/testes/test-mutation/.stryker-tmp/sandbox4202061/mutation.js"],"jestConfig":{"transform":{},"rootDir":"/Users/anonymousbr/estudos/testes/test-mutation/.stryker-tmp/sandbox4202061","collectCoverage":false,"verbose":false,"notify":false,"bail":false,"reporters":[],"globals":{"__strykerGlobalNamespace__":"__stryker__"},"testEnvironment":"/Users/anonymousbr/estudos/testes/test-mutation/node_modules/@stryker-mutator/jest-runner/dist/src/jest-plugins/cjs/jest-environment-generic.js"},"testNamePattern":"(isEven retorna true para pares)"}
[36m12:04:05 (15776) DEBUG TimeoutDecorator[39m Starting timeout timer (5193 ms) for a test run
[34m12:04:05 (15780) TRACE JestTestRunner[39m Invoking Jest with config {"fileNamesUnderTest":["/Users/anonymousbr/estudos/testes/test-mutation/.stryker-tmp/sandbox4202061/mutation.js"],"jestConfig":{"transform":{},"rootDir":"/Users/anonymousbr/estudos/testes/test-mutation/.stryker-tmp/sandbox4202061","collectCoverage":false,"verbose":false,"notify":false,"bail":false,"reporters":[],"globals":{"__strykerGlobalNamespace__":"__stryker__"},"testEnvironment":"/Users/anonymousbr/estudos/testes/test-mutation/node_modules/@stryker-mutator/jest-runner/dist/src/jest-plugins/cjs/jest-environment-generic.js"},"testNamePattern":"(isEven retorna true para pares)"}
[36m12:04:05 (15776) DEBUG TimeoutDecorator[39m Starting timeout timer (5193 ms) for a test run
[34m12:04:05 (15779) TRACE JestTestRunner[39m Invoking Jest with config {"fileNamesUnderTest":["/Users/anonymousbr/estudos/testes/test-mutation/.stryker-tmp/sandbox4202061/mutation.js"],"jestConfig":{"transform":{},"rootDir":"/Users/anonymousbr/estudos/testes/test-mutation/.stryker-tmp/sandbox4202061","collectCoverage":false,"verbose":false,"notify":false,"bail":false,"reporters":[],"globals":{"__strykerGlobalNamespace__":"__stryker__"},"testEnvironment":"/Users/anonymousbr/estudos/testes/test-mutation/node_modules/@stryker-mutator/jest-runner/dist/src/jest-plugins/cjs/jest-environment-generic.js"},"testNamePattern":"(isEven retorna true para pares)"}
[36m12:04:05 (15776) DEBUG TimeoutDecorator[39m Starting timeout timer (5193 ms) for a test run
[34m12:04:05 (15780) TRACE JestTestRunner[39m Invoking Jest with config {"fileNamesUnderTest":["/Users/anonymousbr/estudos/testes/test-mutation/.stryker-tmp/sandbox4202061/mutation.js"],"jestConfig":{"transform":{},"rootDir":"/Users/anonymousbr/estudos/testes/test-mutation/.stryker-tmp/sandbox4202061","collectCoverage":false,"verbose":false,"notify":false,"bail":false,"reporters":[],"globals":{"__strykerGlobalNamespace__":"__stryker__"},"testEnvironment":"/Users/anonymousbr/estudos/testes/test-mutation/node_modules/@stryker-mutator/jest-runner/dist/src/jest-plugins/cjs/jest-environment-generic.js"},"testNamePattern":"(isEven retorna true para pares)"}
[36m12:04:05 (15888) DEBUG PluginLoader[39m Loading plugin @stryker-mutator/jest-runner
[36m12:04:05 (15888) DEBUG PluginLoader[39m Loading plugin file:///Users/anonymousbr/estudos/testes/test-mutation/node_modules/@stryker-mutator/core/dist/src/reporters/index.js
[36m12:04:05 (15889) DEBUG PluginLoader[39m Loading plugin @stryker-mutator/jest-runner
[36m12:04:05 (15889) DEBUG PluginLoader[39m Loading plugin file:///Users/anonymousbr/estudos/testes/test-mutation/node_modules/@stryker-mutator/core/dist/src/reporters/index.js
[36m12:04:05 (15776) DEBUG TimeoutDecorator[39m Starting timeout timer (5193 ms) for a test run
[34m12:04:05 (15779) TRACE JestTestRunner[39m Invoking Jest with config {"fileNamesUnderTest":["/Users/anonymousbr/estudos/testes/test-mutation/.stryker-tmp/sandbox4202061/mutation.js"],"jestConfig":{"transform":{},"rootDir":"/Users/anonymousbr/estudos/testes/test-mutation/.stryker-tmp/sandbox4202061","collectCoverage":false,"verbose":false,"notify":false,"bail":false,"reporters":[],"globals":{"__strykerGlobalNamespace__":"__stryker__"},"testEnvironment":"/Users/anonymousbr/estudos/testes/test-mutation/node_modules/@stryker-mutator/jest-runner/dist/src/jest-plugins/cjs/jest-environment-generic.js"},"testNamePattern":"(isEven retorna true para pares)"}
[36m12:04:05 (15776) DEBUG TimeoutDecorator[39m Starting timeout timer (5194.5 ms) for a test run
[34m12:04:05 (15786) TRACE JestTestRunner[39m Invoking Jest with config {"fileNamesUnderTest":["/Users/anonymousbr/estudos/testes/test-mutation/.stryker-tmp/sandbox4202061/mutation.js"],"jestConfig":{"transform":{},"rootDir":"/Users/anonymousbr/estudos/testes/test-mutation/.stryker-tmp/sandbox4202061","collectCoverage":false,"verbose":false,"notify":false,"bail":false,"reporters":[],"globals":{"__strykerGlobalNamespace__":"__stryker__"},"testEnvironment":"/Users/anonymousbr/estudos/testes/test-mutation/node_modules/@stryker-mutator/jest-runner/dist/src/jest-plugins/cjs/jest-environment-generic.js"},"testNamePattern":"(hangIfTrue entra em loop se cond for true)"}
[36m12:04:05 (15776) DEBUG TimeoutDecorator[39m Starting timeout timer (5194.5 ms) for a test run
[34m12:04:05 (15787) TRACE JestTestRunner[39m Invoking Jest with config {"fileNamesUnderTest":["/Users/anonymousbr/estudos/testes/test-mutation/.stryker-tmp/sandbox4202061/mutation.js"],"jestConfig":{"transform":{},"rootDir":"/Users/anonymousbr/estudos/testes/test-mutation/.stryker-tmp/sandbox4202061","collectCoverage":false,"verbose":false,"notify":false,"bail":false,"reporters":[],"globals":{"__strykerGlobalNamespace__":"__stryker__"},"testEnvironment":"/Users/anonymousbr/estudos/testes/test-mutation/node_modules/@stryker-mutator/jest-runner/dist/src/jest-plugins/cjs/jest-environment-generic.js"},"testNamePattern":"(hangIfTrue entra em loop se cond for true)"}
[36m12:04:05 (15888) DEBUG ChildProcessProxyWorker[39m Changing current working directory for this process to /Users/anonymousbr/estudos/testes/test-mutation/.stryker-tmp/sandbox4202061
[36m12:04:05 (15889) DEBUG ChildProcessProxyWorker[39m Changing current working directory for this process to /Users/anonymousbr/estudos/testes/test-mutation/.stryker-tmp/sandbox4202061
[36m12:04:05 (15888) DEBUG jestTestAdapterFactory[39m Detected Jest version 29.7.0
[36m12:04:05 (15776) DEBUG TimeoutDecorator[39m Starting timeout timer (5194.5 ms) for a test run
[34m12:04:05 (15780) TRACE JestTestRunner[39m Invoking Jest with config {"fileNamesUnderTest":["/Users/anonymousbr/estudos/testes/test-mutation/.stryker-tmp/sandbox4202061/mutation.js"],"jestConfig":{"transform":{},"rootDir":"/Users/anonymousbr/estudos/testes/test-mutation/.stryker-tmp/sandbox4202061","collectCoverage":false,"verbose":false,"notify":false,"bail":false,"reporters":[],"globals":{"__strykerGlobalNamespace__":"__stryker__"},"testEnvironment":"/Users/anonymousbr/estudos/testes/test-mutation/node_modules/@stryker-mutator/jest-runner/dist/src/jest-plugins/cjs/jest-environment-generic.js"},"testNamePattern":"(hangIfTrue entra em loop se cond for true)"}
[36m12:04:05 (15889) DEBUG jestTestAdapterFactory[39m Detected Jest version 29.7.0
[36m12:04:05 (15888) DEBUG JestTestRunner[39m Running jest with --findRelatedTests flag. Set jest.enableFindRelatedTests to false to run all tests on every mutant.
[36m12:04:05 (15888) DEBUG CustomJestConfigLoader[39m Read config from "jest.config.js" (used native `readInitialOptions` from jest-config).
[36m12:04:05 (15888) DEBUG JestTestRunner[39m Merging file-based config {
  "transform": {},
  "rootDir": "/Users/anonymousbr/estudos/testes/test-mutation/.stryker-tmp/sandbox4202061"
}
      with custom config {
  "transform": {}
}
      and default (internal) stryker config {
  "collectCoverage": false,
  "verbose": false,
  "notify": false,
  "bail": false,
  "reporters": []
}
[36m12:04:05 (15776) DEBUG TimeoutDecorator[39m Starting timeout timer (5194.5 ms) for a test run
[36m12:04:05 (15776) DEBUG ChildProcessProxy[39m Started ChildProcessTestRunnerWorker in worker process 6 with pid 16411 
[34m12:04:05 (15888) TRACE JestTestRunner[39m Invoking Jest with config {"fileNamesUnderTest":["/Users/anonymousbr/estudos/testes/test-mutation/.stryker-tmp/sandbox4202061/mutation.js"],"jestConfig":{"transform":{},"rootDir":"/Users/anonymousbr/estudos/testes/test-mutation/.stryker-tmp/sandbox4202061","collectCoverage":false,"verbose":false,"notify":false,"bail":false,"reporters":[],"globals":{"__strykerGlobalNamespace__":"__stryker__"},"testEnvironment":"/Users/anonymousbr/estudos/testes/test-mutation/node_modules/@stryker-mutator/jest-runner/dist/src/jest-plugins/cjs/jest-environment-generic.js"},"testNamePattern":"(hangIfTrue entra em loop se cond for true)"}
[36m12:04:05 (15889) DEBUG JestTestRunner[39m Running jest with --findRelatedTests flag. Set jest.enableFindRelatedTests to false to run all tests on every mutant.
[36m12:04:05 (15889) DEBUG CustomJestConfigLoader[39m Read config from "jest.config.js" (used native `readInitialOptions` from jest-config).
[36m12:04:05 (15889) DEBUG JestTestRunner[39m Merging file-based config {
  "transform": {},
  "rootDir": "/Users/anonymousbr/estudos/testes/test-mutation/.stryker-tmp/sandbox4202061"
}
      with custom config {
  "transform": {}
}
      and default (internal) stryker config {
  "collectCoverage": false,
  "verbose": false,
  "notify": false,
  "bail": false,
  "reporters": []
}
[36m12:04:05 (15776) DEBUG TimeoutDecorator[39m Starting timeout timer (5193 ms) for a test run
[36m12:04:05 (15776) DEBUG ChildProcessProxy[39m Started ChildProcessTestRunnerWorker in worker process 7 with pid 16412 
[34m12:04:05 (15889) TRACE JestTestRunner[39m Invoking Jest with config {"fileNamesUnderTest":["/Users/anonymousbr/estudos/testes/test-mutation/.stryker-tmp/sandbox4202061/mutation.js"],"jestConfig":{"transform":{},"rootDir":"/Users/anonymousbr/estudos/testes/test-mutation/.stryker-tmp/sandbox4202061","collectCoverage":false,"verbose":false,"notify":false,"bail":false,"reporters":[],"globals":{"__strykerGlobalNamespace__":"__stryker__"},"testEnvironment":"/Users/anonymousbr/estudos/testes/test-mutation/node_modules/@stryker-mutator/jest-runner/dist/src/jest-plugins/cjs/jest-environment-generic.js"},"testNamePattern":"(crashIfNegative lança erro com números negativos)"}
[36m12:04:05 (15776) DEBUG TimeoutDecorator[39m Starting timeout timer (5193 ms) for a test run
[36m12:04:05 (15776) DEBUG TimeoutDecorator[39m Starting timeout timer (5193 ms) for a test run
[34m12:04:05 (15786) TRACE JestTestRunner[39m Invoking Jest with config {"fileNamesUnderTest":["/Users/anonymousbr/estudos/testes/test-mutation/.stryker-tmp/sandbox4202061/mutation.js"],"jestConfig":{"transform":{},"rootDir":"/Users/anonymousbr/estudos/testes/test-mutation/.stryker-tmp/sandbox4202061","collectCoverage":false,"verbose":false,"notify":false,"bail":false,"reporters":[],"globals":{"__strykerGlobalNamespace__":"__stryker__"},"testEnvironment":"/Users/anonymousbr/estudos/testes/test-mutation/node_modules/@stryker-mutator/jest-runner/dist/src/jest-plugins/cjs/jest-environment-generic.js"},"testNamePattern":"(crashIfNegative lança erro com números negativos)"}
[34m12:04:05 (15779) TRACE JestTestRunner[39m Invoking Jest with config {"fileNamesUnderTest":["/Users/anonymousbr/estudos/testes/test-mutation/.stryker-tmp/sandbox4202061/mutation.js"],"jestConfig":{"transform":{},"rootDir":"/Users/anonymousbr/estudos/testes/test-mutation/.stryker-tmp/sandbox4202061","collectCoverage":false,"verbose":false,"notify":false,"bail":false,"reporters":[],"globals":{"__strykerGlobalNamespace__":"__stryker__"},"testEnvironment":"/Users/anonymousbr/estudos/testes/test-mutation/node_modules/@stryker-mutator/jest-runner/dist/src/jest-plugins/cjs/jest-environment-generic.js"},"testNamePattern":"(crashIfNegative lança erro com números negativos)"}
[36m12:04:05 (15776) DEBUG TimeoutDecorator[39m Starting timeout timer (5193 ms) for a test run
[34m12:04:05 (15780) TRACE JestTestRunner[39m Invoking Jest with config {"fileNamesUnderTest":["/Users/anonymousbr/estudos/testes/test-mutation/.stryker-tmp/sandbox4202061/mutation.js"],"jestConfig":{"transform":{},"rootDir":"/Users/anonymousbr/estudos/testes/test-mutation/.stryker-tmp/sandbox4202061","collectCoverage":false,"verbose":false,"notify":false,"bail":false,"reporters":[],"globals":{"__strykerGlobalNamespace__":"__stryker__"},"testEnvironment":"/Users/anonymousbr/estudos/testes/test-mutation/node_modules/@stryker-mutator/jest-runner/dist/src/jest-plugins/cjs/jest-environment-generic.js"},"testNamePattern":"(crashIfNegative lança erro com números negativos)"}
[36m12:04:05 (15776) DEBUG TimeoutDecorator[39m Starting timeout timer (5193 ms) for a test run
[34m12:04:05 (15779) TRACE JestTestRunner[39m Invoking Jest with config {"fileNamesUnderTest":["/Users/anonymousbr/estudos/testes/test-mutation/.stryker-tmp/sandbox4202061/mutation.js"],"jestConfig":{"transform":{},"rootDir":"/Users/anonymousbr/estudos/testes/test-mutation/.stryker-tmp/sandbox4202061","collectCoverage":false,"verbose":false,"notify":false,"bail":false,"reporters":[],"globals":{"__strykerGlobalNamespace__":"__stryker__"},"testEnvironment":"/Users/anonymousbr/estudos/testes/test-mutation/node_modules/@stryker-mutator/jest-runner/dist/src/jest-plugins/cjs/jest-environment-generic.js"},"testNamePattern":"(crashIfNegative lança erro com números negativos)"}
[36m12:04:05 (15776) DEBUG TimeoutDecorator[39m Starting timeout timer (5193 ms) for a test run
[34m12:04:05 (15786) TRACE JestTestRunner[39m Invoking Jest with config {"fileNamesUnderTest":["/Users/anonymousbr/estudos/testes/test-mutation/.stryker-tmp/sandbox4202061/mutation.js"],"jestConfig":{"transform":{},"rootDir":"/Users/anonymousbr/estudos/testes/test-mutation/.stryker-tmp/sandbox4202061","collectCoverage":false,"verbose":false,"notify":false,"bail":false,"reporters":[],"globals":{"__strykerGlobalNamespace__":"__stryker__"},"testEnvironment":"/Users/anonymousbr/estudos/testes/test-mutation/node_modules/@stryker-mutator/jest-runner/dist/src/jest-plugins/cjs/jest-environment-generic.js"},"testNamePattern":"(crashIfNegative lança erro com números negativos)"}
[36m12:04:05 (15776) DEBUG TimeoutDecorator[39m Starting timeout timer (5193 ms) for a test run
[34m12:04:05 (15780) TRACE JestTestRunner[39m Invoking Jest with config {"fileNamesUnderTest":["/Users/anonymousbr/estudos/testes/test-mutation/.stryker-tmp/sandbox4202061/mutation.js"],"jestConfig":{"transform":{},"rootDir":"/Users/anonymousbr/estudos/testes/test-mutation/.stryker-tmp/sandbox4202061","collectCoverage":false,"verbose":false,"notify":false,"bail":false,"reporters":[],"globals":{"__strykerGlobalNamespace__":"__stryker__"},"testEnvironment":"/Users/anonymousbr/estudos/testes/test-mutation/node_modules/@stryker-mutator/jest-runner/dist/src/jest-plugins/cjs/jest-environment-generic.js"},"testNamePattern":"(crashIfNegative lança erro com números negativos)"}
[36m12:04:05 (15776) DEBUG TimeoutDecorator[39m Starting timeout timer (5197.5 ms) for a test run
[34m12:04:05 (15779) TRACE JestTestRunner[39m Invoking Jest with config {"fileNamesUnderTest":["/Users/anonymousbr/estudos/testes/test-mutation/.stryker-tmp/sandbox4202061/mutation.js"],"jestConfig":{"transform":{},"rootDir":"/Users/anonymousbr/estudos/testes/test-mutation/.stryker-tmp/sandbox4202061","collectCoverage":false,"verbose":false,"notify":false,"bail":false,"reporters":[],"globals":{"__strykerGlobalNamespace__":"__stryker__"},"testEnvironment":"/Users/anonymousbr/estudos/testes/test-mutation/node_modules/@stryker-mutator/jest-runner/dist/src/jest-plugins/cjs/jest-environment-generic.js"}}
[36m12:04:05 (16411) DEBUG PluginLoader[39m Loading plugin @stryker-mutator/jest-runner
[36m12:04:05 (16411) DEBUG PluginLoader[39m Loading plugin file:///Users/anonymousbr/estudos/testes/test-mutation/node_modules/@stryker-mutator/core/dist/src/reporters/index.js
[36m12:04:05 (16412) DEBUG PluginLoader[39m Loading plugin @stryker-mutator/jest-runner
[36m12:04:05 (16412) DEBUG PluginLoader[39m Loading plugin file:///Users/anonymousbr/estudos/testes/test-mutation/node_modules/@stryker-mutator/core/dist/src/reporters/index.js
[36m12:04:05 (16411) DEBUG ChildProcessProxyWorker[39m Changing current working directory for this process to /Users/anonymousbr/estudos/testes/test-mutation/.stryker-tmp/sandbox4202061
[36m12:04:05 (16412) DEBUG ChildProcessProxyWorker[39m Changing current working directory for this process to /Users/anonymousbr/estudos/testes/test-mutation/.stryker-tmp/sandbox4202061
[36m12:04:05 (16411) DEBUG jestTestAdapterFactory[39m Detected Jest version 29.7.0
[36m12:04:05 (16412) DEBUG jestTestAdapterFactory[39m Detected Jest version 29.7.0
[36m12:04:05 (16411) DEBUG JestTestRunner[39m Running jest with --findRelatedTests flag. Set jest.enableFindRelatedTests to false to run all tests on every mutant.
[36m12:04:05 (16411) DEBUG CustomJestConfigLoader[39m Read config from "jest.config.js" (used native `readInitialOptions` from jest-config).
[36m12:04:05 (16411) DEBUG JestTestRunner[39m Merging file-based config {
  "transform": {},
  "rootDir": "/Users/anonymousbr/estudos/testes/test-mutation/.stryker-tmp/sandbox4202061"
}
      with custom config {
  "transform": {}
}
      and default (internal) stryker config {
  "collectCoverage": false,
  "verbose": false,
  "notify": false,
  "bail": false,
  "reporters": []
}
[36m12:04:05 (15776) DEBUG ChildProcessProxy[39m Started ChildProcessTestRunnerWorker in worker process 8 with pid 16801 
[36m12:04:05 (16412) DEBUG JestTestRunner[39m Running jest with --findRelatedTests flag. Set jest.enableFindRelatedTests to false to run all tests on every mutant.
[36m12:04:05 (16412) DEBUG CustomJestConfigLoader[39m Read config from "jest.config.js" (used native `readInitialOptions` from jest-config).
[36m12:04:05 (16412) DEBUG JestTestRunner[39m Merging file-based config {
  "transform": {},
  "rootDir": "/Users/anonymousbr/estudos/testes/test-mutation/.stryker-tmp/sandbox4202061"
}
      with custom config {
  "transform": {}
}
      and default (internal) stryker config {
  "collectCoverage": false,
  "verbose": false,
  "notify": false,
  "bail": false,
  "reporters": []
}
[36m12:04:05 (16801) DEBUG PluginLoader[39m Loading plugin @stryker-mutator/jest-runner
[36m12:04:05 (16801) DEBUG PluginLoader[39m Loading plugin file:///Users/anonymousbr/estudos/testes/test-mutation/node_modules/@stryker-mutator/core/dist/src/reporters/index.js
[36m12:04:05 (16801) DEBUG ChildProcessProxyWorker[39m Changing current working directory for this process to /Users/anonymousbr/estudos/testes/test-mutation/.stryker-tmp/sandbox4202061
[36m12:04:05 (16801) DEBUG jestTestAdapterFactory[39m Detected Jest version 29.7.0
[36m12:04:05 (16801) DEBUG JestTestRunner[39m Running jest with --findRelatedTests flag. Set jest.enableFindRelatedTests to false to run all tests on every mutant.
[36m12:04:05 (16801) DEBUG CustomJestConfigLoader[39m Read config from "jest.config.js" (used native `readInitialOptions` from jest-config).
[36m12:04:05 (16801) DEBUG JestTestRunner[39m Merging file-based config {
  "transform": {},
  "rootDir": "/Users/anonymousbr/estudos/testes/test-mutation/.stryker-tmp/sandbox4202061"
}
      with custom config {
  "transform": {}
}
      and default (internal) stryker config {
  "collectCoverage": false,
  "verbose": false,
  "notify": false,
  "bail": false,
  "reporters": []
}
[36m12:04:10 (15776) DEBUG TimeoutDecorator[39m Timeout expired, restarting the process and reporting timeout
[36m12:04:12 (15776) DEBUG ChildProcessProxy[39m Disposing of worker process 15787
[36m12:04:14 (15776) DEBUG ChildProcessProxy[39m Kill 15787
[36m12:04:14 (15776) DEBUG ChildProcessProxy[39m Started ChildProcessTestRunnerWorker in worker process 9 with pid 16819 
[36m12:04:14 (16819) DEBUG PluginLoader[39m Loading plugin @stryker-mutator/jest-runner
[36m12:04:14 (16819) DEBUG PluginLoader[39m Loading plugin file:///Users/anonymousbr/estudos/testes/test-mutation/node_modules/@stryker-mutator/core/dist/src/reporters/index.js
[36m12:04:14 (16819) DEBUG ChildProcessProxyWorker[39m Changing current working directory for this process to /Users/anonymousbr/estudos/testes/test-mutation/.stryker-tmp/sandbox4202061
[36m12:04:14 (16819) DEBUG jestTestAdapterFactory[39m Detected Jest version 29.7.0
[36m12:04:14 (16819) DEBUG JestTestRunner[39m Running jest with --findRelatedTests flag. Set jest.enableFindRelatedTests to false to run all tests on every mutant.
[36m12:04:14 (16819) DEBUG CustomJestConfigLoader[39m Read config from "jest.config.js" (used native `readInitialOptions` from jest-config).
[36m12:04:14 (16819) DEBUG JestTestRunner[39m Merging file-based config {
  "transform": {},
  "rootDir": "/Users/anonymousbr/estudos/testes/test-mutation/.stryker-tmp/sandbox4202061"
}
      with custom config {
  "transform": {}
}
      and default (internal) stryker config {
  "collectCoverage": false,
  "verbose": false,
  "notify": false,
  "bail": false,
  "reporters": []
}

All tests/mutation.test.js
  ✓ isPositive retorna true para valores positivos [line 4] (killed 4)
  ✓ isEven retorna true para pares [line 8] (killed 4)
  ✓ hangIfTrue entra em loop se cond for true [line 14] (killed 2)
  ✓ crashIfNegative lança erro com números negativos [line 18] (killed 5)

[NoCoverage] BlockStatement
mutation.js:12:25
-   function multiply(a, b) {
-   	return a * b;
-   }
+   function multiply(a, b) {}

[NoCoverage] ArithmeticOperator
mutation.js:13:9
-   	return a * b;
+   	return a / b;

[NoCoverage] BlockStatement
mutation.js:18:12
-   	if (cond) {
-   		while (true) {} // loop infinito (detectado por timeout)
-   	}
+   	if (cond) {}

[NoCoverage] BooleanLiteral
mutation.js:19:10
-   		while (true) {} // loop infinito (detectado por timeout)
+   		while (false) {} // loop infinito (detectado por timeout)

[NoCoverage] ConditionalExpression
mutation.js:19:10
-   		while (true) {} // loop infinito (detectado por timeout)
+   		while (false) {} // loop infinito (detectado por timeout)

[NoCoverage] BlockStatement
mutation.js:33:25
-   function brokenSyntax() {
-   	// Isso não será mutado corretamente, mas pode simular erro de compilação
-   	return eval('return ===;');
-   }
+   function brokenSyntax() {}

[NoCoverage] StringLiteral
mutation.js:35:14
-   	return eval('return ===;');
+   	return eval("");

[NoCoverage] BlockStatement
mutation.js:40:28
-   function ignoredFunction() {
-   	return 42;
-   }
+   function ignoredFunction() {}

[Survived] ConditionalExpression
mutation.js:3:9
-   	return n > 0;
+   	return true;
Tests ran:
    isPositive retorna true para valores positivos


[36m12:04:14 (15776) DEBUG ClearTextReporter[39m [Killed] EqualityOperator
[36m12:04:14 (15776) DEBUG ClearTextReporter[39m mutation.js:3:9
[36m12:04:14 (15776) DEBUG ClearTextReporter[39m -   	return n > 0;
[36m12:04:14 (15776) DEBUG ClearTextReporter[39m +   	return n <= 0;
[36m12:04:14 (15776) DEBUG ClearTextReporter[39m Killed by: isPositive retorna true para valores positivos
[36m12:04:14 (15776) DEBUG ClearTextReporter[39m 
[36m12:04:14 (15776) DEBUG ClearTextReporter[39m [Killed] BlockStatement
[36m12:04:14 (15776) DEBUG ClearTextReporter[39m mutation.js:7:20
[36m12:04:14 (15776) DEBUG ClearTextReporter[39m -   function isEven(n) {
[36m12:04:14 (15776) DEBUG ClearTextReporter[39m -   	return n % 2 === 0; // se mudar para !== 0, ainda pode passar
[36m12:04:14 (15776) DEBUG ClearTextReporter[39m -   }
[36m12:04:14 (15776) DEBUG ClearTextReporter[39m +   function isEven(n) {}
[36m12:04:14 (15776) DEBUG ClearTextReporter[39m Killed by: isEven retorna true para pares
[36m12:04:14 (15776) DEBUG ClearTextReporter[39m 
[36m12:04:14 (15776) DEBUG ClearTextReporter[39m [Killed] BlockStatement
[36m12:04:14 (15776) DEBUG ClearTextReporter[39m mutation.js:2:24
[36m12:04:14 (15776) DEBUG ClearTextReporter[39m -   function isPositive(n) {
[36m12:04:14 (15776) DEBUG ClearTextReporter[39m -   	return n > 0;
[36m12:04:14 (15776) DEBUG ClearTextReporter[39m -   }
[36m12:04:14 (15776) DEBUG ClearTextReporter[39m +   function isPositive(n) {}
[36m12:04:14 (15776) DEBUG ClearTextReporter[39m Killed by: isPositive retorna true para valores positivos
[36m12:04:14 (15776) DEBUG ClearTextReporter[39m 
[Survived] ConditionalExpression
mutation.js:8:9
-   	return n % 2 === 0; // se mudar para !== 0, ainda pode passar
+   	return true; // se mudar para !== 0, ainda pode passar
Tests ran:
    isEven retorna true para pares


[36m12:04:14 (15776) DEBUG ClearTextReporter[39m [Killed] ConditionalExpression
[36m12:04:14 (15776) DEBUG ClearTextReporter[39m mutation.js:8:9
[36m12:04:14 (15776) DEBUG ClearTextReporter[39m -   	return n % 2 === 0; // se mudar para !== 0, ainda pode passar
[36m12:04:14 (15776) DEBUG ClearTextReporter[39m +   	return false; // se mudar para !== 0, ainda pode passar
[36m12:04:14 (15776) DEBUG ClearTextReporter[39m Killed by: isEven retorna true para pares
[36m12:04:14 (15776) DEBUG ClearTextReporter[39m 
[36m12:04:14 (15776) DEBUG ClearTextReporter[39m [Killed] ConditionalExpression
[36m12:04:14 (15776) DEBUG ClearTextReporter[39m mutation.js:3:9
[36m12:04:14 (15776) DEBUG ClearTextReporter[39m -   	return n > 0;
[36m12:04:14 (15776) DEBUG ClearTextReporter[39m +   	return false;
[36m12:04:14 (15776) DEBUG ClearTextReporter[39m Killed by: isPositive retorna true para valores positivos
[36m12:04:14 (15776) DEBUG ClearTextReporter[39m 
[Survived] EqualityOperator
mutation.js:3:9
-   	return n > 0;
+   	return n >= 0;
Tests ran:
    isPositive retorna true para valores positivos


[36m12:04:14 (15776) DEBUG ClearTextReporter[39m [Killed] EqualityOperator
[36m12:04:14 (15776) DEBUG ClearTextReporter[39m mutation.js:8:9
[36m12:04:14 (15776) DEBUG ClearTextReporter[39m -   	return n % 2 === 0; // se mudar para !== 0, ainda pode passar
[36m12:04:14 (15776) DEBUG ClearTextReporter[39m +   	return n % 2 !== 0; // se mudar para !== 0, ainda pode passar
[36m12:04:14 (15776) DEBUG ClearTextReporter[39m Killed by: isEven retorna true para pares
[36m12:04:14 (15776) DEBUG ClearTextReporter[39m 
[36m12:04:14 (15776) DEBUG ClearTextReporter[39m [Killed] BlockStatement
[36m12:04:14 (15776) DEBUG ClearTextReporter[39m mutation.js:17:27
[36m12:04:14 (15776) DEBUG ClearTextReporter[39m -   function hangIfTrue(cond) {
[36m12:04:14 (15776) DEBUG ClearTextReporter[39m -   	if (cond) {
[36m12:04:14 (15776) DEBUG ClearTextReporter[39m -   		while (true) {} // loop infinito (detectado por timeout)
[36m12:04:14 (15776) DEBUG ClearTextReporter[39m -   	}
[36m12:04:14 (15776) DEBUG ClearTextReporter[39m -   	return true;
[36m12:04:14 (15776) DEBUG ClearTextReporter[39m -   }
[36m12:04:14 (15776) DEBUG ClearTextReporter[39m +   function hangIfTrue(cond) {}
[36m12:04:14 (15776) DEBUG ClearTextReporter[39m Killed by: hangIfTrue entra em loop se cond for true
[36m12:04:14 (15776) DEBUG ClearTextReporter[39m 
[36m12:04:14 (15776) DEBUG ClearTextReporter[39m [Killed] ArithmeticOperator
[36m12:04:14 (15776) DEBUG ClearTextReporter[39m mutation.js:8:9
[36m12:04:14 (15776) DEBUG ClearTextReporter[39m -   	return n % 2 === 0; // se mudar para !== 0, ainda pode passar
[36m12:04:14 (15776) DEBUG ClearTextReporter[39m +   	return n * 2 === 0; // se mudar para !== 0, ainda pode passar
[36m12:04:14 (15776) DEBUG ClearTextReporter[39m Killed by: isEven retorna true para pares
[36m12:04:14 (15776) DEBUG ClearTextReporter[39m 
[Survived] ConditionalExpression
mutation.js:18:6
-   	if (cond) {
+   	if (false) {
Tests ran:
    hangIfTrue entra em loop se cond for true


[36m12:04:14 (15776) DEBUG ClearTextReporter[39m [Killed] ConditionalExpression
[36m12:04:14 (15776) DEBUG ClearTextReporter[39m mutation.js:26:6
[36m12:04:14 (15776) DEBUG ClearTextReporter[39m -   	if (n < 0) {
[36m12:04:14 (15776) DEBUG ClearTextReporter[39m +   	if (false) {
[36m12:04:14 (15776) DEBUG ClearTextReporter[39m Killed by: crashIfNegative lança erro com números negativos
[36m12:04:14 (15776) DEBUG ClearTextReporter[39m 
[Survived] ConditionalExpression
mutation.js:26:6
-   	if (n < 0) {
+   	if (true) {
Tests ran:
    crashIfNegative lança erro com números negativos


[Survived] EqualityOperator
mutation.js:26:6
-   	if (n < 0) {
+   	if (n <= 0) {
Tests ran:
    crashIfNegative lança erro com números negativos


[36m12:04:14 (15776) DEBUG ClearTextReporter[39m [Killed] EqualityOperator
[36m12:04:14 (15776) DEBUG ClearTextReporter[39m mutation.js:26:6
[36m12:04:14 (15776) DEBUG ClearTextReporter[39m -   	if (n < 0) {
[36m12:04:14 (15776) DEBUG ClearTextReporter[39m +   	if (n >= 0) {
[36m12:04:14 (15776) DEBUG ClearTextReporter[39m Killed by: crashIfNegative lança erro com números negativos
[36m12:04:14 (15776) DEBUG ClearTextReporter[39m 
[36m12:04:14 (15776) DEBUG ClearTextReporter[39m [Killed] StringLiteral
[36m12:04:14 (15776) DEBUG ClearTextReporter[39m mutation.js:27:19
[36m12:04:14 (15776) DEBUG ClearTextReporter[39m -   		throw new Error('Número negativo não permitido');
[36m12:04:14 (15776) DEBUG ClearTextReporter[39m +   		throw new Error("");
[36m12:04:14 (15776) DEBUG ClearTextReporter[39m Killed by: crashIfNegative lança erro com números negativos
[36m12:04:14 (15776) DEBUG ClearTextReporter[39m 
[36m12:04:14 (15776) DEBUG ClearTextReporter[39m [Killed] BlockStatement
[36m12:04:14 (15776) DEBUG ClearTextReporter[39m mutation.js:26:13
[36m12:04:14 (15776) DEBUG ClearTextReporter[39m -   	if (n < 0) {
[36m12:04:14 (15776) DEBUG ClearTextReporter[39m -   		throw new Error('Número negativo não permitido');
[36m12:04:14 (15776) DEBUG ClearTextReporter[39m -   	}
[36m12:04:14 (15776) DEBUG ClearTextReporter[39m +   	if (n < 0) {}
[36m12:04:14 (15776) DEBUG ClearTextReporter[39m Killed by: crashIfNegative lança erro com números negativos
[36m12:04:14 (15776) DEBUG ClearTextReporter[39m 
[36m12:04:14 (15776) DEBUG ClearTextReporter[39m [Killed] ObjectLiteral
[36m12:04:14 (15776) DEBUG ClearTextReporter[39m mutation.js:44:18
[36m12:04:14 (15776) DEBUG ClearTextReporter[39m -   module.exports = {
[36m12:04:14 (15776) DEBUG ClearTextReporter[39m -   	isPositive,
[36m12:04:14 (15776) DEBUG ClearTextReporter[39m -   	isEven,
[36m12:04:14 (15776) DEBUG ClearTextReporter[39m -   	multiply,
[36m12:04:14 (15776) DEBUG ClearTextReporter[39m -   	hangIfTrue,
[36m12:04:14 (15776) DEBUG ClearTextReporter[39m -   	crashIfNegative,
[36m12:04:14 (15776) DEBUG ClearTextReporter[39m -   	brokenSyntax,
[36m12:04:14 (15776) DEBUG ClearTextReporter[39m -   	ignoredFunction,
[36m12:04:14 (15776) DEBUG ClearTextReporter[39m -   };
[36m12:04:14 (15776) DEBUG ClearTextReporter[39m +   module.exports = {};
[36m12:04:14 (15776) DEBUG ClearTextReporter[39m Killed by: isPositive retorna true para valores positivos
[36m12:04:14 (15776) DEBUG ClearTextReporter[39m 
[36m12:04:14 (15776) DEBUG ClearTextReporter[39m [Killed] BooleanLiteral
[36m12:04:14 (15776) DEBUG ClearTextReporter[39m mutation.js:21:9
[36m12:04:14 (15776) DEBUG ClearTextReporter[39m -   	return true;
[36m12:04:14 (15776) DEBUG ClearTextReporter[39m +   	return false;
[36m12:04:14 (15776) DEBUG ClearTextReporter[39m Killed by: hangIfTrue entra em loop se cond for true
[36m12:04:14 (15776) DEBUG ClearTextReporter[39m 
[36m12:04:14 (15776) DEBUG ClearTextReporter[39m [Killed] BlockStatement
[36m12:04:14 (15776) DEBUG ClearTextReporter[39m mutation.js:25:29
[36m12:04:14 (15776) DEBUG ClearTextReporter[39m -   function crashIfNegative(n) {
[36m12:04:14 (15776) DEBUG ClearTextReporter[39m -   	if (n < 0) {
[36m12:04:14 (15776) DEBUG ClearTextReporter[39m -   		throw new Error('Número negativo não permitido');
[36m12:04:14 (15776) DEBUG ClearTextReporter[39m -   	}
[36m12:04:14 (15776) DEBUG ClearTextReporter[39m -   	return n;
[36m12:04:14 (15776) DEBUG ClearTextReporter[39m -   }
[36m12:04:14 (15776) DEBUG ClearTextReporter[39m +   function crashIfNegative(n) {}
[36m12:04:14 (15776) DEBUG ClearTextReporter[39m Killed by: crashIfNegative lança erro com números negativos
[36m12:04:14 (15776) DEBUG ClearTextReporter[39m 
[36m12:04:14 (15776) DEBUG ClearTextReporter[39m [Timeout] ConditionalExpression
[36m12:04:14 (15776) DEBUG ClearTextReporter[39m mutation.js:18:6
[36m12:04:14 (15776) DEBUG ClearTextReporter[39m -   	if (cond) {
[36m12:04:14 (15776) DEBUG ClearTextReporter[39m +   	if (true) {
[36m12:04:14 (15776) DEBUG ClearTextReporter[39m 
Ran 0.80 tests per mutant on average.
-------------|---------|----------|-----------|------------|----------|----------|
File         | % score | # killed | # timeout | # survived | # no cov | # errors |
-------------|---------|----------|-----------|------------|----------|----------|
All files    |   53.33 |       15 |         1 |          6 |        8 |        0 |
 mutation.js |   53.33 |       15 |         1 |          6 |        8 |        0 |
-------------|---------|----------|-----------|------------|----------|----------|
[36m12:04:14 (15776) DEBUG JsonReporter[39m Using relative path reports/mutation/mutation.json
[36m12:04:14 (15776) DEBUG HtmlReporter[39m Using file "reports/mutation/mutation.html"
[36m12:04:14 (15776) DEBUG MutationTestReportHelper[39m No breaking threshold configured. Won't fail the build no matter how low your mutation score is. Set `thresholds.break` to change this behavior.
[32m12:04:14 (15776) INFO JsonReporter[39m Your report can be found at: file:///Users/anonymousbr/estudos/testes/test-mutation/reports/mutation/mutation.json
[32m12:04:14 (15776) INFO HtmlReporter[39m Your report can be found at: file:///Users/anonymousbr/estudos/testes/test-mutation/reports/mutation/mutation.html
[32m12:04:14 (15776) INFO MutationTestExecutor[39m Done in 10 seconds.
[36m12:04:14 (15776) DEBUG ChildProcessProxy[39m Disposing of worker process 15780
[36m12:04:14 (15776) DEBUG ChildProcessProxy[39m Disposing of worker process 15786
[36m12:04:14 (15776) DEBUG ChildProcessProxy[39m Disposing of worker process 15889
[36m12:04:14 (15776) DEBUG ChildProcessProxy[39m Disposing of worker process 15888
[36m12:04:14 (15776) DEBUG ChildProcessProxy[39m Disposing of worker process 16819
[36m12:04:14 (15776) DEBUG ChildProcessProxy[39m Disposing of worker process 15779
[36m12:04:14 (15776) DEBUG ChildProcessProxy[39m Disposing of worker process 16411
[36m12:04:14 (15776) DEBUG ChildProcessProxy[39m Disposing of worker process 16801
[36m12:04:14 (15776) DEBUG ChildProcessProxy[39m Disposing of worker process 16412
[36m12:04:14 (15776) DEBUG ChildProcessProxy[39m Kill 15780
[36m12:04:14 (15776) DEBUG ChildProcessProxy[39m Kill 15786
[36m12:04:14 (15776) DEBUG ChildProcessProxy[39m Kill 15888
[36m12:04:14 (15776) DEBUG ChildProcessProxy[39m Kill 15889
[36m12:04:14 (15776) DEBUG ChildProcessProxy[39m Kill 15779
[36m12:04:14 (15776) DEBUG ChildProcessProxy[39m Kill 16819
[36m12:04:14 (15776) DEBUG ChildProcessProxy[39m Kill 16411
[36m12:04:14 (15776) DEBUG ChildProcessProxy[39m Kill 16412
[36m12:04:14 (15776) DEBUG ChildProcessProxy[39m Kill 16801
[36m12:04:14 (15776) DEBUG TemporaryDirectory[39m Deleting stryker temp directory /Users/anonymousbr/estudos/testes/test-mutation/.stryker-tmp
